<?xml version="1.0" encoding="UTF-8"?>
<testsuite name="com.binchoi.springboot.web.HelloControllerTest" tests="2" skipped="0" failures="0" errors="0" timestamp="2022-03-26T22:28:30" hostname="Bins-Macbook-Pro.local" time="0.047">
  <properties/>
  <testcase name="helloDto_returned" classname="com.binchoi.springboot.web.HelloControllerTest" time="0.038"/>
  <testcase name="hello_returned" classname="com.binchoi.springboot.web.HelloControllerTest" time="0.008"/>
  <system-out><![CDATA[2022-03-27 00:28:29.284  INFO 55767 --- [    Test worker] .b.t.a.w.s.WebMvcTestContextBootstrapper : Neither @ContextConfiguration nor @ContextHierarchy found for test class [com.binchoi.springboot.web.HelloControllerTest], using SpringBootContextLoader
2022-03-27 00:28:29.287  INFO 55767 --- [    Test worker] o.s.t.c.support.AbstractContextLoader    : Could not detect default resource locations for test class [com.binchoi.springboot.web.HelloControllerTest]: no resource found for suffixes {-context.xml, Context.groovy}.
2022-03-27 00:28:29.287  INFO 55767 --- [    Test worker] t.c.s.AnnotationConfigContextLoaderUtils : Could not detect default configuration classes for test class [com.binchoi.springboot.web.HelloControllerTest]: HelloControllerTest does not declare any static, non-private, non-final, nested classes annotated with @Configuration.
2022-03-27 00:28:29.347  INFO 55767 --- [    Test worker] .b.t.c.SpringBootTestContextBootstrapper : Found @SpringBootConfiguration com.binchoi.springboot.Application for test class com.binchoi.springboot.web.HelloControllerTest
2022-03-27 00:28:29.351  INFO 55767 --- [    Test worker] .b.t.a.w.s.WebMvcTestContextBootstrapper : Loaded default TestExecutionListener class names from location [META-INF/spring.factories]: [org.springframework.security.test.context.support.WithSecurityContextTestExecutionListener, org.springframework.security.test.context.support.ReactorContextTestExecutionListener, org.springframework.boot.test.autoconfigure.restdocs.RestDocsTestExecutionListener, org.springframework.boot.test.autoconfigure.web.client.MockRestServiceServerResetTestExecutionListener, org.springframework.boot.test.autoconfigure.web.servlet.MockMvcPrintOnlyOnFailureTestExecutionListener, org.springframework.boot.test.autoconfigure.web.servlet.WebDriverTestExecutionListener, org.springframework.boot.test.mock.mockito.MockitoTestExecutionListener, org.springframework.boot.test.mock.mockito.ResetMocksTestExecutionListener, org.springframework.test.context.web.ServletTestExecutionListener, org.springframework.test.context.support.DirtiesContextBeforeModesTestExecutionListener, org.springframework.test.context.support.DependencyInjectionTestExecutionListener, org.springframework.test.context.support.DirtiesContextTestExecutionListener, org.springframework.test.context.transaction.TransactionalTestExecutionListener, org.springframework.test.context.jdbc.SqlScriptsTestExecutionListener]
2022-03-27 00:28:29.352  INFO 55767 --- [    Test worker] .b.t.a.w.s.WebMvcTestContextBootstrapper : Using TestExecutionListeners: [org.springframework.test.context.web.ServletTestExecutionListener@f687fd9, org.springframework.test.context.support.DirtiesContextBeforeModesTestExecutionListener@73f51f6b, org.springframework.boot.test.mock.mockito.MockitoTestExecutionListener@44c57896, org.springframework.boot.test.autoconfigure.SpringBootDependencyInjectionTestExecutionListener@34fb9d2e, org.springframework.test.context.support.DirtiesContextTestExecutionListener@78a1aadf, org.springframework.test.context.transaction.TransactionalTestExecutionListener@23f4ece7, org.springframework.test.context.jdbc.SqlScriptsTestExecutionListener@4c9a21c7, org.springframework.security.test.context.support.WithSecurityContextTestExecutionListener@24e0d797, org.springframework.security.test.context.support.ReactorContextTestExecutionListener@51627686, org.springframework.boot.test.autoconfigure.restdocs.RestDocsTestExecutionListener@55753b99, org.springframework.boot.test.autoconfigure.web.client.MockRestServiceServerResetTestExecutionListener@487cace9, org.springframework.boot.test.autoconfigure.web.servlet.MockMvcPrintOnlyOnFailureTestExecutionListener@6a02961e, org.springframework.boot.test.autoconfigure.web.servlet.WebDriverTestExecutionListener@28960b9e, org.springframework.boot.test.mock.mockito.ResetMocksTestExecutionListener@544354e6]

  .   ____          _            __ _ _
 /\\ / ___'_ __ _ _(_)_ __  __ _ \ \ \ \
( ( )\___ | '_ | '_| | '_ \/ _` | \ \ \ \
 \\/  ___)| |_)| | | | | || (_| |  ) ) ) )
  '  |____| .__|_| |_|_| |_\__, | / / / /
 =========|_|==============|___/=/_/_/_/
 :: Spring Boot ::        (v2.1.7.RELEASE)

2022-03-27 00:28:29.411  INFO 55767 --- [    Test worker] c.b.springboot.web.HelloControllerTest   : Starting HelloControllerTest on Bins-Macbook-Pro.local with PID 55767 (started by binchoi in /Users/binchoi/Documents/general-work/self-study/backend-dev/habit-racer)
2022-03-27 00:28:29.412  INFO 55767 --- [    Test worker] c.b.springboot.web.HelloControllerTest   : The following profiles are active: oauth
2022-03-27 00:28:29.906  INFO 55767 --- [    Test worker] o.s.s.concurrent.ThreadPoolTaskExecutor  : Initializing ExecutorService 'applicationTaskExecutor'
2022-03-27 00:28:29.931  INFO 55767 --- [    Test worker] o.s.b.a.w.s.WelcomePageHandlerMapping    : Adding welcome page template: index
2022-03-27 00:28:30.113  INFO 55767 --- [    Test worker] .s.s.UserDetailsServiceAutoConfiguration : 

Using generated security password: 3dd336c0-0176-48d1-ad70-efaa1806c04c

2022-03-27 00:28:30.206  INFO 55767 --- [    Test worker] o.s.s.web.DefaultSecurityFilterChain     : Creating filter chain: any request, [org.springframework.security.web.context.request.async.WebAsyncManagerIntegrationFilter@74097bfa, org.springframework.security.web.context.SecurityContextPersistenceFilter@44347640, org.springframework.security.web.header.HeaderWriterFilter@506d3a76, org.springframework.security.web.csrf.CsrfFilter@5044a095, org.springframework.security.web.authentication.logout.LogoutFilter@67844ca6, org.springframework.security.web.authentication.UsernamePasswordAuthenticationFilter@316fb01a, org.springframework.security.web.authentication.ui.DefaultLoginPageGeneratingFilter@9af3d8, org.springframework.security.web.authentication.ui.DefaultLogoutPageGeneratingFilter@5810e922, org.springframework.security.web.authentication.www.BasicAuthenticationFilter@747beaf9, org.springframework.security.web.savedrequest.RequestCacheAwareFilter@5f6417ba, org.springframework.security.web.servletapi.SecurityContextHolderAwareRequestFilter@66e338aa, org.springframework.security.web.authentication.AnonymousAuthenticationFilter@7397fcfb, org.springframework.security.web.session.SessionManagementFilter@255878e6, org.springframework.security.web.access.ExceptionTranslationFilter@5159424e, org.springframework.security.web.access.intercept.FilterSecurityInterceptor@3a8ec269]
2022-03-27 00:28:30.223  INFO 55767 --- [    Test worker] o.s.b.t.m.w.SpringBootMockServletContext : Initializing Spring TestDispatcherServlet ''
2022-03-27 00:28:30.224  INFO 55767 --- [    Test worker] o.s.t.web.servlet.TestDispatcherServlet  : Initializing Servlet ''
2022-03-27 00:28:30.229  INFO 55767 --- [    Test worker] o.s.t.web.servlet.TestDispatcherServlet  : Completed initialization in 5 ms
2022-03-27 00:28:30.252  INFO 55767 --- [    Test worker] c.b.springboot.web.HelloControllerTest   : Started HelloControllerTest in 0.892 seconds (JVM running for 15.482)
]]></system-out>
  <system-err><![CDATA[]]></system-err>
</testsuite>
