<?xml version="1.0" encoding="UTF-8"?>
<testsuite name="com.binchoi.springboot.web.dto.PostsApiControllerTest" tests="4" skipped="0" failures="0" errors="0" timestamp="2022-03-26T22:28:25" hostname="Bins-Macbook-Pro.local" time="0.75">
  <properties/>
  <testcase name="Posts_can_all_be_getted" classname="com.binchoi.springboot.web.dto.PostsApiControllerTest" time="0.583"/>
  <testcase name="Posts_can_be_updated" classname="com.binchoi.springboot.web.dto.PostsApiControllerTest" time="0.083"/>
  <testcase name="Posts_can_be_getted" classname="com.binchoi.springboot.web.dto.PostsApiControllerTest" time="0.038"/>
  <testcase name="Posts_can_be_posted" classname="com.binchoi.springboot.web.dto.PostsApiControllerTest" time="0.034"/>
  <system-out><![CDATA[00:28:15.572 [Test worker] DEBUG org.springframework.test.context.junit4.SpringJUnit4ClassRunner - SpringJUnit4ClassRunner constructor called with [class com.binchoi.springboot.web.dto.PostsApiControllerTest]
00:28:15.576 [Test worker] DEBUG org.springframework.test.context.BootstrapUtils - Instantiating CacheAwareContextLoaderDelegate from class [org.springframework.test.context.cache.DefaultCacheAwareContextLoaderDelegate]
00:28:15.581 [Test worker] DEBUG org.springframework.test.context.BootstrapUtils - Instantiating BootstrapContext using constructor [public org.springframework.test.context.support.DefaultBootstrapContext(java.lang.Class,org.springframework.test.context.CacheAwareContextLoaderDelegate)]
00:28:15.614 [Test worker] DEBUG org.springframework.test.context.BootstrapUtils - Instantiating TestContextBootstrapper for test class [com.binchoi.springboot.web.dto.PostsApiControllerTest] from class [org.springframework.boot.test.context.SpringBootTestContextBootstrapper]
00:28:15.621 [Test worker] INFO org.springframework.boot.test.context.SpringBootTestContextBootstrapper - Neither @ContextConfiguration nor @ContextHierarchy found for test class [com.binchoi.springboot.web.dto.PostsApiControllerTest], using SpringBootContextLoader
00:28:15.623 [Test worker] DEBUG org.springframework.test.context.support.AbstractContextLoader - Did not detect default resource location for test class [com.binchoi.springboot.web.dto.PostsApiControllerTest]: class path resource [com/binchoi/springboot/web/dto/PostsApiControllerTest-context.xml] does not exist
00:28:15.623 [Test worker] DEBUG org.springframework.test.context.support.AbstractContextLoader - Did not detect default resource location for test class [com.binchoi.springboot.web.dto.PostsApiControllerTest]: class path resource [com/binchoi/springboot/web/dto/PostsApiControllerTestContext.groovy] does not exist
00:28:15.623 [Test worker] INFO org.springframework.test.context.support.AbstractContextLoader - Could not detect default resource locations for test class [com.binchoi.springboot.web.dto.PostsApiControllerTest]: no resource found for suffixes {-context.xml, Context.groovy}.
00:28:15.624 [Test worker] INFO org.springframework.test.context.support.AnnotationConfigContextLoaderUtils - Could not detect default configuration classes for test class [com.binchoi.springboot.web.dto.PostsApiControllerTest]: PostsApiControllerTest does not declare any static, non-private, non-final, nested classes annotated with @Configuration.
00:28:15.690 [Test worker] DEBUG org.springframework.test.context.support.ActiveProfilesUtils - Could not find an 'annotation declaring class' for annotation type [org.springframework.test.context.ActiveProfiles] and class [com.binchoi.springboot.web.dto.PostsApiControllerTest]
00:28:15.905 [Test worker] DEBUG org.springframework.context.annotation.ClassPathScanningCandidateComponentProvider - Identified candidate component class: file [/Users/binchoi/Documents/general-work/self-study/backend-dev/habit-racer/build/classes/java/main/com/binchoi/springboot/Application.class]
00:28:15.911 [Test worker] INFO org.springframework.boot.test.context.SpringBootTestContextBootstrapper - Found @SpringBootConfiguration com.binchoi.springboot.Application for test class com.binchoi.springboot.web.dto.PostsApiControllerTest
00:28:16.002 [Test worker] DEBUG org.springframework.boot.test.context.SpringBootTestContextBootstrapper - @TestExecutionListeners is not present for class [com.binchoi.springboot.web.dto.PostsApiControllerTest]: using defaults.
00:28:16.003 [Test worker] INFO org.springframework.boot.test.context.SpringBootTestContextBootstrapper - Loaded default TestExecutionListener class names from location [META-INF/spring.factories]: [org.springframework.security.test.context.support.WithSecurityContextTestExecutionListener, org.springframework.security.test.context.support.ReactorContextTestExecutionListener, org.springframework.boot.test.autoconfigure.restdocs.RestDocsTestExecutionListener, org.springframework.boot.test.autoconfigure.web.client.MockRestServiceServerResetTestExecutionListener, org.springframework.boot.test.autoconfigure.web.servlet.MockMvcPrintOnlyOnFailureTestExecutionListener, org.springframework.boot.test.autoconfigure.web.servlet.WebDriverTestExecutionListener, org.springframework.boot.test.mock.mockito.MockitoTestExecutionListener, org.springframework.boot.test.mock.mockito.ResetMocksTestExecutionListener, org.springframework.test.context.web.ServletTestExecutionListener, org.springframework.test.context.support.DirtiesContextBeforeModesTestExecutionListener, org.springframework.test.context.support.DependencyInjectionTestExecutionListener, org.springframework.test.context.support.DirtiesContextTestExecutionListener, org.springframework.test.context.transaction.TransactionalTestExecutionListener, org.springframework.test.context.jdbc.SqlScriptsTestExecutionListener]
00:28:16.023 [Test worker] INFO org.springframework.boot.test.context.SpringBootTestContextBootstrapper - Using TestExecutionListeners: [org.springframework.test.context.web.ServletTestExecutionListener@7fd4eee, org.springframework.test.context.support.DirtiesContextBeforeModesTestExecutionListener@15094c6a, org.springframework.boot.test.mock.mockito.MockitoTestExecutionListener@4d7afafb, org.springframework.boot.test.autoconfigure.SpringBootDependencyInjectionTestExecutionListener@480f9d00, org.springframework.test.context.support.DirtiesContextTestExecutionListener@25e820d1, org.springframework.test.context.transaction.TransactionalTestExecutionListener@7add521a, org.springframework.test.context.jdbc.SqlScriptsTestExecutionListener@60ead298, org.springframework.security.test.context.support.WithSecurityContextTestExecutionListener@5439b418, org.springframework.security.test.context.support.ReactorContextTestExecutionListener@30b3e8e6, org.springframework.boot.test.autoconfigure.restdocs.RestDocsTestExecutionListener@206e3168, org.springframework.boot.test.autoconfigure.web.client.MockRestServiceServerResetTestExecutionListener@16a659ef, org.springframework.boot.test.autoconfigure.web.servlet.MockMvcPrintOnlyOnFailureTestExecutionListener@f26a657, org.springframework.boot.test.autoconfigure.web.servlet.WebDriverTestExecutionListener@20fd9b8d, org.springframework.boot.test.mock.mockito.ResetMocksTestExecutionListener@71491b8b]
00:28:16.025 [Test worker] DEBUG org.springframework.test.annotation.ProfileValueUtils - Retrieved @ProfileValueSourceConfiguration [null] for test class [com.binchoi.springboot.web.dto.PostsApiControllerTest]
00:28:16.026 [Test worker] DEBUG org.springframework.test.annotation.ProfileValueUtils - Retrieved ProfileValueSource type [class org.springframework.test.annotation.SystemProfileValueSource] for class [com.binchoi.springboot.web.dto.PostsApiControllerTest]
00:28:16.026 [Test worker] DEBUG org.springframework.test.annotation.ProfileValueUtils - Retrieved @ProfileValueSourceConfiguration [null] for test class [com.binchoi.springboot.web.dto.PostsApiControllerTest]
00:28:16.026 [Test worker] DEBUG org.springframework.test.annotation.ProfileValueUtils - Retrieved ProfileValueSource type [class org.springframework.test.annotation.SystemProfileValueSource] for class [com.binchoi.springboot.web.dto.PostsApiControllerTest]
00:28:16.033 [Test worker] DEBUG org.springframework.test.context.support.AbstractDirtiesContextTestExecutionListener - Before test class: context [DefaultTestContext@3b7485ff testClass = PostsApiControllerTest, testInstance = [null], testMethod = [null], testException = [null], mergedContextConfiguration = [WebMergedContextConfiguration@61001503 testClass = PostsApiControllerTest, locations = '{}', classes = '{class com.binchoi.springboot.Application}', contextInitializerClasses = '[]', activeProfiles = '{}', propertySourceLocations = '{}', propertySourceProperties = '{org.springframework.boot.test.context.SpringBootTestContextBootstrapper=true, server.port=0}', contextCustomizers = set[org.springframework.boot.test.autoconfigure.properties.PropertyMappingContextCustomizer@0, org.springframework.boot.test.autoconfigure.web.servlet.WebDriverContextCustomizerFactory$Customizer@2b04c3ae, org.springframework.boot.test.context.filter.ExcludeFilterContextCustomizer@3ac44904, org.springframework.boot.test.json.DuplicateJsonObjectContextCustomizerFactory$DuplicateJsonObjectContextCustomizer@15b18aed, org.springframework.boot.test.mock.mockito.MockitoContextCustomizer@0, org.springframework.boot.test.web.client.TestRestTemplateContextCustomizer@1e64c9db], resourceBasePath = 'src/main/webapp', contextLoader = 'org.springframework.boot.test.context.SpringBootContextLoader', parent = [null]], attributes = map['org.springframework.test.context.web.ServletTestExecutionListener.activateListener' -> false]], class annotated with @DirtiesContext [false] with mode [null].
00:28:16.034 [Test worker] DEBUG org.springframework.test.annotation.ProfileValueUtils - Retrieved @ProfileValueSourceConfiguration [null] for test class [com.binchoi.springboot.web.dto.PostsApiControllerTest]
00:28:16.034 [Test worker] DEBUG org.springframework.test.annotation.ProfileValueUtils - Retrieved ProfileValueSource type [class org.springframework.test.annotation.SystemProfileValueSource] for class [com.binchoi.springboot.web.dto.PostsApiControllerTest]
00:28:16.039 [Test worker] DEBUG org.springframework.test.context.support.DependencyInjectionTestExecutionListener - Performing dependency injection for test context [[DefaultTestContext@3b7485ff testClass = PostsApiControllerTest, testInstance = com.binchoi.springboot.web.dto.PostsApiControllerTest@2947dca0, testMethod = [null], testException = [null], mergedContextConfiguration = [WebMergedContextConfiguration@61001503 testClass = PostsApiControllerTest, locations = '{}', classes = '{class com.binchoi.springboot.Application}', contextInitializerClasses = '[]', activeProfiles = '{}', propertySourceLocations = '{}', propertySourceProperties = '{org.springframework.boot.test.context.SpringBootTestContextBootstrapper=true, server.port=0}', contextCustomizers = set[org.springframework.boot.test.autoconfigure.properties.PropertyMappingContextCustomizer@0, org.springframework.boot.test.autoconfigure.web.servlet.WebDriverContextCustomizerFactory$Customizer@2b04c3ae, org.springframework.boot.test.context.filter.ExcludeFilterContextCustomizer@3ac44904, org.springframework.boot.test.json.DuplicateJsonObjectContextCustomizerFactory$DuplicateJsonObjectContextCustomizer@15b18aed, org.springframework.boot.test.mock.mockito.MockitoContextCustomizer@0, org.springframework.boot.test.web.client.TestRestTemplateContextCustomizer@1e64c9db], resourceBasePath = 'src/main/webapp', contextLoader = 'org.springframework.boot.test.context.SpringBootContextLoader', parent = [null]], attributes = map['org.springframework.test.context.web.ServletTestExecutionListener.activateListener' -> false]]].
00:28:16.059 [Test worker] DEBUG org.springframework.test.context.support.TestPropertySourceUtils - Adding inlined properties to environment: {spring.jmx.enabled=false, org.springframework.boot.test.context.SpringBootTestContextBootstrapper=true, server.port=0}

  .   ____          _            __ _ _
 /\\ / ___'_ __ _ _(_)_ __  __ _ \ \ \ \
( ( )\___ | '_ | '_| | '_ \/ _` | \ \ \ \
 \\/  ___)| |_)| | | | | || (_| |  ) ) ) )
  '  |____| .__|_| |_|_| |_\__, | / / / /
 =========|_|==============|___/=/_/_/_/
 :: Spring Boot ::        (v2.1.7.RELEASE)

2022-03-27 00:28:16.478  INFO 55767 --- [    Test worker] c.b.s.web.dto.PostsApiControllerTest     : Starting PostsApiControllerTest on Bins-Macbook-Pro.local with PID 55767 (started by binchoi in /Users/binchoi/Documents/general-work/self-study/backend-dev/habit-racer)
2022-03-27 00:28:16.480  INFO 55767 --- [    Test worker] c.b.s.web.dto.PostsApiControllerTest     : The following profiles are active: oauth
2022-03-27 00:28:18.058  INFO 55767 --- [    Test worker] .s.d.r.c.RepositoryConfigurationDelegate : Bootstrapping Spring Data repositories in DEFAULT mode.
2022-03-27 00:28:18.193  INFO 55767 --- [    Test worker] .s.d.r.c.RepositoryConfigurationDelegate : Finished Spring Data repository scanning in 122ms. Found 2 repository interfaces.
2022-03-27 00:28:19.169  INFO 55767 --- [    Test worker] trationDelegate$BeanPostProcessorChecker : Bean 'org.springframework.transaction.annotation.ProxyTransactionManagementConfiguration' of type [org.springframework.transaction.annotation.ProxyTransactionManagementConfiguration$$EnhancerBySpringCGLIB$$19ae0dda] is not eligible for getting processed by all BeanPostProcessors (for example: not eligible for auto-proxying)
2022-03-27 00:28:20.057  INFO 55767 --- [    Test worker] o.s.b.w.embedded.tomcat.TomcatWebServer  : Tomcat initialized with port(s): 0 (http)
2022-03-27 00:28:20.100  INFO 55767 --- [    Test worker] o.apache.catalina.core.StandardService   : Starting service [Tomcat]
2022-03-27 00:28:20.101  INFO 55767 --- [    Test worker] org.apache.catalina.core.StandardEngine  : Starting Servlet engine: [Apache Tomcat/9.0.22]
2022-03-27 00:28:20.296  INFO 55767 --- [    Test worker] o.a.c.c.C.[Tomcat].[localhost].[/]       : Initializing Spring embedded WebApplicationContext
2022-03-27 00:28:20.297  INFO 55767 --- [    Test worker] o.s.web.context.ContextLoader            : Root WebApplicationContext: initialization completed in 3746 ms
2022-03-27 00:28:20.851  INFO 55767 --- [    Test worker] com.zaxxer.hikari.HikariDataSource       : HikariPool-1 - Starting...
2022-03-27 00:28:21.054  INFO 55767 --- [    Test worker] com.zaxxer.hikari.HikariDataSource       : HikariPool-1 - Start completed.
2022-03-27 00:28:21.350  INFO 55767 --- [    Test worker] o.hibernate.jpa.internal.util.LogHelper  : HHH000204: Processing PersistenceUnitInfo [
	name: default
	...]
2022-03-27 00:28:21.416  INFO 55767 --- [    Test worker] org.hibernate.Version                    : HHH000412: Hibernate Core {5.3.10.Final}
2022-03-27 00:28:21.418  INFO 55767 --- [    Test worker] org.hibernate.cfg.Environment            : HHH000206: hibernate.properties not found
2022-03-27 00:28:21.565  INFO 55767 --- [    Test worker] o.hibernate.annotations.common.Version   : HCANN000001: Hibernate Commons Annotations {5.0.4.Final}
2022-03-27 00:28:21.702  INFO 55767 --- [    Test worker] org.hibernate.dialect.Dialect            : HHH000400: Using dialect: org.hibernate.dialect.MySQL5InnoDBDialect
Hibernate: drop table if exists posts
Hibernate: drop table if exists user
Hibernate: create table posts (id bigint not null auto_increment, created_date datetime, modified_date datetime, author varchar(255), comment TEXT, date date not null, is_completed bit not null, primary key (id)) engine=InnoDB
Hibernate: create table user (id bigint not null auto_increment, created_date datetime, modified_date datetime, email varchar(255) not null, name varchar(255) not null, picture varchar(255), role varchar(255) not null, primary key (id)) engine=InnoDB
2022-03-27 00:28:22.506  INFO 55767 --- [    Test worker] o.h.t.schema.internal.SchemaCreatorImpl  : HHH000476: Executing import script 'org.hibernate.tool.schema.internal.exec.ScriptSourceInputNonExistentImpl@72b14de4'
2022-03-27 00:28:22.509  INFO 55767 --- [    Test worker] j.LocalContainerEntityManagerFactoryBean : Initialized JPA EntityManagerFactory for persistence unit 'default'
2022-03-27 00:28:23.967  INFO 55767 --- [    Test worker] o.h.h.i.QueryTranslatorFactoryInitiator  : HHH000397: Using ASTQueryTranslatorFactory
2022-03-27 00:28:24.537  INFO 55767 --- [    Test worker] o.s.s.web.DefaultSecurityFilterChain     : Creating filter chain: any request, [org.springframework.security.web.context.request.async.WebAsyncManagerIntegrationFilter@32550e05, org.springframework.security.web.context.SecurityContextPersistenceFilter@6961d425, org.springframework.security.web.header.HeaderWriterFilter@237fcce0, org.springframework.security.web.authentication.logout.LogoutFilter@4c52022, org.springframework.security.oauth2.client.web.OAuth2AuthorizationRequestRedirectFilter@87c995b, org.springframework.security.oauth2.client.web.OAuth2LoginAuthenticationFilter@11b36d28, org.springframework.security.web.authentication.ui.DefaultLoginPageGeneratingFilter@f62dea0, org.springframework.security.web.authentication.ui.DefaultLogoutPageGeneratingFilter@909c852, org.springframework.security.web.savedrequest.RequestCacheAwareFilter@50caff07, org.springframework.security.web.servletapi.SecurityContextHolderAwareRequestFilter@63a16be0, org.springframework.security.web.authentication.AnonymousAuthenticationFilter@7e715761, org.springframework.security.web.session.SessionManagementFilter@347c2a7e, org.springframework.security.web.access.ExceptionTranslationFilter@151a6468, org.springframework.security.web.access.intercept.FilterSecurityInterceptor@1d135a3d]
2022-03-27 00:28:25.068  INFO 55767 --- [    Test worker] o.s.s.concurrent.ThreadPoolTaskExecutor  : Initializing ExecutorService 'applicationTaskExecutor'
2022-03-27 00:28:25.138  WARN 55767 --- [    Test worker] aWebConfiguration$JpaWebMvcConfiguration : spring.jpa.open-in-view is enabled by default. Therefore, database queries may be performed during view rendering. Explicitly configure spring.jpa.open-in-view to disable this warning
2022-03-27 00:28:25.259  INFO 55767 --- [    Test worker] o.s.b.a.w.s.WelcomePageHandlerMapping    : Adding welcome page template: index
2022-03-27 00:28:25.848  INFO 55767 --- [    Test worker] s.a.ScheduledAnnotationBeanPostProcessor : No TaskScheduler/ScheduledExecutorService bean found for scheduled processing
2022-03-27 00:28:25.910  INFO 55767 --- [    Test worker] o.s.b.w.embedded.tomcat.TomcatWebServer  : Tomcat started on port(s): 49428 (http) with context path ''
2022-03-27 00:28:25.918  INFO 55767 --- [    Test worker] c.b.s.web.dto.PostsApiControllerTest     : Started PostsApiControllerTest in 9.856 seconds (JVM running for 11.147)
2022-03-27 00:28:26.068  INFO 55767 --- [    Test worker] o.a.c.c.C.[Tomcat].[localhost].[/]       : Initializing Spring TestDispatcherServlet ''
2022-03-27 00:28:26.069  INFO 55767 --- [    Test worker] o.s.t.web.servlet.TestDispatcherServlet  : Initializing Servlet ''
2022-03-27 00:28:26.110  INFO 55767 --- [    Test worker] o.s.t.web.servlet.TestDispatcherServlet  : Completed initialization in 41 ms
Hibernate: insert into posts (created_date, modified_date, author, comment, date, is_completed) values (?, ?, ?, ?, ?, ?)
Hibernate: insert into posts (created_date, modified_date, author, comment, date, is_completed) values (?, ?, ?, ?, ?, ?)
Hibernate: select posts0_.id as id1_0_, posts0_.created_date as created_2_0_, posts0_.modified_date as modified3_0_, posts0_.author as author4_0_, posts0_.comment as comment5_0_, posts0_.date as date6_0_, posts0_.is_completed as is_compl7_0_ from posts posts0_
>>>>[{"id":1,"date":"2022-03-27","isCompleted":true,"author":"author","comment":"take that loser / comment"},{"id":2,"date":"2022-03-27","isCompleted":false,"author":"author","comment":"take that loser / comment - part 2"}]
Hibernate: select posts0_.id as id1_0_, posts0_.created_date as created_2_0_, posts0_.modified_date as modified3_0_, posts0_.author as author4_0_, posts0_.comment as comment5_0_, posts0_.date as date6_0_, posts0_.is_completed as is_compl7_0_ from posts posts0_
Hibernate: delete from posts where id=?
Hibernate: delete from posts where id=?
2022-03-27 00:28:26.553  INFO 55767 --- [    Test worker] o.a.c.c.C.[Tomcat].[localhost].[/]       : Initializing Spring TestDispatcherServlet ''
2022-03-27 00:28:26.554  INFO 55767 --- [    Test worker] o.s.t.web.servlet.TestDispatcherServlet  : Initializing Servlet ''
2022-03-27 00:28:26.557  INFO 55767 --- [    Test worker] o.s.t.web.servlet.TestDispatcherServlet  : Completed initialization in 3 ms
Hibernate: insert into posts (created_date, modified_date, author, comment, date, is_completed) values (?, ?, ?, ?, ?, ?)
>>> RECEIVED DTO: I was lying lol
>>> 2022-03-26
Hibernate: select posts0_.id as id1_0_0_, posts0_.created_date as created_2_0_0_, posts0_.modified_date as modified3_0_0_, posts0_.author as author4_0_0_, posts0_.comment as comment5_0_0_, posts0_.date as date6_0_0_, posts0_.is_completed as is_compl7_0_0_ from posts posts0_ where posts0_.id=?
Hibernate: update posts set created_date=?, modified_date=?, author=?, comment=?, date=?, is_completed=? where id=?
Hibernate: select posts0_.id as id1_0_, posts0_.created_date as created_2_0_, posts0_.modified_date as modified3_0_, posts0_.author as author4_0_, posts0_.comment as comment5_0_, posts0_.date as date6_0_, posts0_.is_completed as is_compl7_0_ from posts posts0_
Hibernate: select posts0_.id as id1_0_, posts0_.created_date as created_2_0_, posts0_.modified_date as modified3_0_, posts0_.author as author4_0_, posts0_.comment as comment5_0_, posts0_.date as date6_0_, posts0_.is_completed as is_compl7_0_ from posts posts0_
Hibernate: delete from posts where id=?
2022-03-27 00:28:26.635  INFO 55767 --- [    Test worker] o.a.c.c.C.[Tomcat].[localhost].[/]       : Initializing Spring TestDispatcherServlet ''
2022-03-27 00:28:26.635  INFO 55767 --- [    Test worker] o.s.t.web.servlet.TestDispatcherServlet  : Initializing Servlet ''
2022-03-27 00:28:26.637  INFO 55767 --- [    Test worker] o.s.t.web.servlet.TestDispatcherServlet  : Completed initialization in 2 ms
Hibernate: insert into posts (created_date, modified_date, author, comment, date, is_completed) values (?, ?, ?, ?, ?, ?)
Hibernate: select posts0_.id as id1_0_0_, posts0_.created_date as created_2_0_0_, posts0_.modified_date as modified3_0_0_, posts0_.author as author4_0_0_, posts0_.comment as comment5_0_0_, posts0_.date as date6_0_0_, posts0_.is_completed as is_compl7_0_0_ from posts posts0_ where posts0_.id=?
Hibernate: select posts0_.id as id1_0_, posts0_.created_date as created_2_0_, posts0_.modified_date as modified3_0_, posts0_.author as author4_0_, posts0_.comment as comment5_0_, posts0_.date as date6_0_, posts0_.is_completed as is_compl7_0_ from posts posts0_
Hibernate: delete from posts where id=?
2022-03-27 00:28:26.674  INFO 55767 --- [    Test worker] o.a.c.c.C.[Tomcat].[localhost].[/]       : Initializing Spring TestDispatcherServlet ''
2022-03-27 00:28:26.675  INFO 55767 --- [    Test worker] o.s.t.web.servlet.TestDispatcherServlet  : Initializing Servlet ''
2022-03-27 00:28:26.676  INFO 55767 --- [    Test worker] o.s.t.web.servlet.TestDispatcherServlet  : Completed initialization in 1 ms
Hibernate: insert into posts (created_date, modified_date, author, comment, date, is_completed) values (?, ?, ?, ?, ?, ?)
Hibernate: select posts0_.id as id1_0_, posts0_.created_date as created_2_0_, posts0_.modified_date as modified3_0_, posts0_.author as author4_0_, posts0_.comment as comment5_0_, posts0_.date as date6_0_, posts0_.is_completed as is_compl7_0_ from posts posts0_
Hibernate: select posts0_.id as id1_0_, posts0_.created_date as created_2_0_, posts0_.modified_date as modified3_0_, posts0_.author as author4_0_, posts0_.comment as comment5_0_, posts0_.date as date6_0_, posts0_.is_completed as is_compl7_0_ from posts posts0_
Hibernate: delete from posts where id=?
]]></system-out>
  <system-err><![CDATA[]]></system-err>
</testsuite>
