<?xml version="1.0" encoding="UTF-8"?>
<testsuite name="com.binchoi.springboot.web.domain.posts.PostsRespositoryTest" tests="2" skipped="0" failures="0" errors="0" timestamp="2022-03-26T22:28:29" hostname="Bins-Macbook-Pro.local" time="0.08">
  <properties/>
  <testcase name="BaseTimeEntity_Test" classname="com.binchoi.springboot.web.domain.posts.PostsRespositoryTest" time="0.061"/>
  <testcase name="get_Posts" classname="com.binchoi.springboot.web.domain.posts.PostsRespositoryTest" time="0.015"/>
  <system-out><![CDATA[2022-03-27 00:28:26.712  INFO 55767 --- [    Test worker] .b.t.c.SpringBootTestContextBootstrapper : Neither @ContextConfiguration nor @ContextHierarchy found for test class [com.binchoi.springboot.web.domain.posts.PostsRespositoryTest], using SpringBootContextLoader
2022-03-27 00:28:26.714  INFO 55767 --- [    Test worker] o.s.t.c.support.AbstractContextLoader    : Could not detect default resource locations for test class [com.binchoi.springboot.web.domain.posts.PostsRespositoryTest]: no resource found for suffixes {-context.xml, Context.groovy}.
2022-03-27 00:28:26.714  INFO 55767 --- [    Test worker] t.c.s.AnnotationConfigContextLoaderUtils : Could not detect default configuration classes for test class [com.binchoi.springboot.web.domain.posts.PostsRespositoryTest]: PostsRespositoryTest does not declare any static, non-private, non-final, nested classes annotated with @Configuration.
2022-03-27 00:28:26.747  INFO 55767 --- [    Test worker] .b.t.c.SpringBootTestContextBootstrapper : Found @SpringBootConfiguration com.binchoi.springboot.Application for test class com.binchoi.springboot.web.domain.posts.PostsRespositoryTest
2022-03-27 00:28:26.753  INFO 55767 --- [    Test worker] .b.t.c.SpringBootTestContextBootstrapper : Loaded default TestExecutionListener class names from location [META-INF/spring.factories]: [org.springframework.security.test.context.support.WithSecurityContextTestExecutionListener, org.springframework.security.test.context.support.ReactorContextTestExecutionListener, org.springframework.boot.test.autoconfigure.restdocs.RestDocsTestExecutionListener, org.springframework.boot.test.autoconfigure.web.client.MockRestServiceServerResetTestExecutionListener, org.springframework.boot.test.autoconfigure.web.servlet.MockMvcPrintOnlyOnFailureTestExecutionListener, org.springframework.boot.test.autoconfigure.web.servlet.WebDriverTestExecutionListener, org.springframework.boot.test.mock.mockito.MockitoTestExecutionListener, org.springframework.boot.test.mock.mockito.ResetMocksTestExecutionListener, org.springframework.test.context.web.ServletTestExecutionListener, org.springframework.test.context.support.DirtiesContextBeforeModesTestExecutionListener, org.springframework.test.context.support.DependencyInjectionTestExecutionListener, org.springframework.test.context.support.DirtiesContextTestExecutionListener, org.springframework.test.context.transaction.TransactionalTestExecutionListener, org.springframework.test.context.jdbc.SqlScriptsTestExecutionListener]
2022-03-27 00:28:26.755  INFO 55767 --- [    Test worker] .b.t.c.SpringBootTestContextBootstrapper : Using TestExecutionListeners: [org.springframework.test.context.web.ServletTestExecutionListener@261ed30a, org.springframework.test.context.support.DirtiesContextBeforeModesTestExecutionListener@5171b8fa, org.springframework.boot.test.mock.mockito.MockitoTestExecutionListener@56687b93, org.springframework.boot.test.autoconfigure.SpringBootDependencyInjectionTestExecutionListener@18da7bc1, org.springframework.test.context.support.DirtiesContextTestExecutionListener@488c7d53, org.springframework.test.context.transaction.TransactionalTestExecutionListener@1466bad0, org.springframework.test.context.jdbc.SqlScriptsTestExecutionListener@147ff2c, org.springframework.security.test.context.support.WithSecurityContextTestExecutionListener@4a8888b6, org.springframework.security.test.context.support.ReactorContextTestExecutionListener@61451251, org.springframework.boot.test.autoconfigure.restdocs.RestDocsTestExecutionListener@40549493, org.springframework.boot.test.autoconfigure.web.client.MockRestServiceServerResetTestExecutionListener@7ed4ad2a, org.springframework.boot.test.autoconfigure.web.servlet.MockMvcPrintOnlyOnFailureTestExecutionListener@7097477e, org.springframework.boot.test.autoconfigure.web.servlet.WebDriverTestExecutionListener@390904a7, org.springframework.boot.test.mock.mockito.ResetMocksTestExecutionListener@5d9dff19]

  .   ____          _            __ _ _
 /\\ / ___'_ __ _ _(_)_ __  __ _ \ \ \ \
( ( )\___ | '_ | '_| | '_ \/ _` | \ \ \ \
 \\/  ___)| |_)| | | | | || (_| |  ) ) ) )
  '  |____| .__|_| |_|_| |_\__, | / / / /
 =========|_|==============|___/=/_/_/_/
 :: Spring Boot ::        (v2.1.7.RELEASE)

2022-03-27 00:28:26.821  INFO 55767 --- [    Test worker] c.b.s.w.d.posts.PostsRespositoryTest     : Starting PostsRespositoryTest on Bins-Macbook-Pro.local with PID 55767 (started by binchoi in /Users/binchoi/Documents/general-work/self-study/backend-dev/habit-racer)
2022-03-27 00:28:26.824  INFO 55767 --- [    Test worker] c.b.s.w.d.posts.PostsRespositoryTest     : The following profiles are active: oauth
2022-03-27 00:28:27.317  INFO 55767 --- [    Test worker] .s.d.r.c.RepositoryConfigurationDelegate : Bootstrapping Spring Data repositories in DEFAULT mode.
2022-03-27 00:28:27.372  INFO 55767 --- [    Test worker] .s.d.r.c.RepositoryConfigurationDelegate : Finished Spring Data repository scanning in 50ms. Found 2 repository interfaces.
2022-03-27 00:28:27.567  INFO 55767 --- [    Test worker] trationDelegate$BeanPostProcessorChecker : Bean 'org.springframework.transaction.annotation.ProxyTransactionManagementConfiguration' of type [org.springframework.transaction.annotation.ProxyTransactionManagementConfiguration$$EnhancerBySpringCGLIB$$19ae0dda] is not eligible for getting processed by all BeanPostProcessors (for example: not eligible for auto-proxying)
2022-03-27 00:28:27.682  INFO 55767 --- [    Test worker] com.zaxxer.hikari.HikariDataSource       : HikariPool-2 - Starting...
2022-03-27 00:28:27.687  INFO 55767 --- [    Test worker] com.zaxxer.hikari.HikariDataSource       : HikariPool-2 - Start completed.
2022-03-27 00:28:27.714  INFO 55767 --- [    Test worker] o.hibernate.jpa.internal.util.LogHelper  : HHH000204: Processing PersistenceUnitInfo [
	name: default
	...]
2022-03-27 00:28:27.723  INFO 55767 --- [    Test worker] org.hibernate.dialect.Dialect            : HHH000400: Using dialect: org.hibernate.dialect.MySQL5InnoDBDialect
Hibernate: drop table if exists posts
Hibernate: drop table if exists user
Hibernate: create table posts (id bigint not null auto_increment, created_date datetime, modified_date datetime, author varchar(255), comment TEXT, date date not null, is_completed bit not null, primary key (id)) engine=InnoDB
Hibernate: create table user (id bigint not null auto_increment, created_date datetime, modified_date datetime, email varchar(255) not null, name varchar(255) not null, picture varchar(255), role varchar(255) not null, primary key (id)) engine=InnoDB
2022-03-27 00:28:27.834  INFO 55767 --- [    Test worker] o.h.t.schema.internal.SchemaCreatorImpl  : HHH000476: Executing import script 'org.hibernate.tool.schema.internal.exec.ScriptSourceInputNonExistentImpl@72b14de4'
2022-03-27 00:28:27.835  INFO 55767 --- [    Test worker] j.LocalContainerEntityManagerFactoryBean : Initialized JPA EntityManagerFactory for persistence unit 'default'
2022-03-27 00:28:28.227  INFO 55767 --- [    Test worker] o.h.h.i.QueryTranslatorFactoryInitiator  : HHH000397: Using ASTQueryTranslatorFactory
2022-03-27 00:28:28.424  INFO 55767 --- [    Test worker] o.s.s.web.DefaultSecurityFilterChain     : Creating filter chain: any request, [org.springframework.security.web.context.request.async.WebAsyncManagerIntegrationFilter@27f549d8, org.springframework.security.web.context.SecurityContextPersistenceFilter@775bebdd, org.springframework.security.web.header.HeaderWriterFilter@25a6b4dd, org.springframework.security.web.authentication.logout.LogoutFilter@4e5504e2, org.springframework.security.oauth2.client.web.OAuth2AuthorizationRequestRedirectFilter@d9f5f57, org.springframework.security.oauth2.client.web.OAuth2LoginAuthenticationFilter@62f43d82, org.springframework.security.web.authentication.ui.DefaultLoginPageGeneratingFilter@66781ef3, org.springframework.security.web.authentication.ui.DefaultLogoutPageGeneratingFilter@5224d851, org.springframework.security.web.savedrequest.RequestCacheAwareFilter@3e936add, org.springframework.security.web.servletapi.SecurityContextHolderAwareRequestFilter@2e03318e, org.springframework.security.web.authentication.AnonymousAuthenticationFilter@25b650a5, org.springframework.security.web.session.SessionManagementFilter@3d7ea9b4, org.springframework.security.web.access.ExceptionTranslationFilter@58b23675, org.springframework.security.web.access.intercept.FilterSecurityInterceptor@5ae0146]
2022-03-27 00:28:28.780  INFO 55767 --- [    Test worker] o.s.s.concurrent.ThreadPoolTaskExecutor  : Initializing ExecutorService 'applicationTaskExecutor'
2022-03-27 00:28:28.800  WARN 55767 --- [    Test worker] aWebConfiguration$JpaWebMvcConfiguration : spring.jpa.open-in-view is enabled by default. Therefore, database queries may be performed during view rendering. Explicitly configure spring.jpa.open-in-view to disable this warning
2022-03-27 00:28:28.844  INFO 55767 --- [    Test worker] o.s.b.a.w.s.WelcomePageHandlerMapping    : Adding welcome page template: index
2022-03-27 00:28:29.153  INFO 55767 --- [    Test worker] s.a.ScheduledAnnotationBeanPostProcessor : No TaskScheduler/ScheduledExecutorService bean found for scheduled processing
2022-03-27 00:28:29.155  INFO 55767 --- [    Test worker] c.b.s.w.d.posts.PostsRespositoryTest     : Started PostsRespositoryTest in 2.393 seconds (JVM running for 14.385)
Hibernate: insert into posts (created_date, modified_date, author, comment, date, is_completed) values (?, ?, ?, ?, ?, ?)
Hibernate: select posts0_.id as id1_0_, posts0_.created_date as created_2_0_, posts0_.modified_date as modified3_0_, posts0_.author as author4_0_, posts0_.comment as comment5_0_, posts0_.date as date6_0_, posts0_.is_completed as is_compl7_0_ from posts posts0_
>>>>>>>>> createDate=2022-03-27T00:28:29.208, modifiedDate=2022-03-27T00:28:29.208
Hibernate: select posts0_.id as id1_0_, posts0_.created_date as created_2_0_, posts0_.modified_date as modified3_0_, posts0_.author as author4_0_, posts0_.comment as comment5_0_, posts0_.date as date6_0_, posts0_.is_completed as is_compl7_0_ from posts posts0_
Hibernate: delete from posts where id=?
Hibernate: insert into posts (created_date, modified_date, author, comment, date, is_completed) values (?, ?, ?, ?, ?, ?)
Hibernate: select posts0_.id as id1_0_, posts0_.created_date as created_2_0_, posts0_.modified_date as modified3_0_, posts0_.author as author4_0_, posts0_.comment as comment5_0_, posts0_.date as date6_0_, posts0_.is_completed as is_compl7_0_ from posts posts0_
Hibernate: select posts0_.id as id1_0_, posts0_.created_date as created_2_0_, posts0_.modified_date as modified3_0_, posts0_.author as author4_0_, posts0_.comment as comment5_0_, posts0_.date as date6_0_, posts0_.is_completed as is_compl7_0_ from posts posts0_
Hibernate: delete from posts where id=?
]]></system-out>
  <system-err><![CDATA[]]></system-err>
</testsuite>
