<?xml version="1.0" encoding="UTF-8"?>
<testsuite name="com.binchoi.springboot.web.IndexControllerTest" tests="1" skipped="0" failures="0" errors="0" timestamp="2022-03-26T22:28:30" hostname="Bins-Macbook-Pro.local" time="0.248">
  <properties/>
  <testcase name="main_page_loading" classname="com.binchoi.springboot.web.IndexControllerTest" time="0.248"/>
  <system-out><![CDATA[2022-03-27 00:28:30.304  INFO 55767 --- [    Test worker] .b.t.c.SpringBootTestContextBootstrapper : Neither @ContextConfiguration nor @ContextHierarchy found for test class [com.binchoi.springboot.web.IndexControllerTest], using SpringBootContextLoader
2022-03-27 00:28:30.305  INFO 55767 --- [    Test worker] o.s.t.c.support.AbstractContextLoader    : Could not detect default resource locations for test class [com.binchoi.springboot.web.IndexControllerTest]: no resource found for suffixes {-context.xml, Context.groovy}.
2022-03-27 00:28:30.305  INFO 55767 --- [    Test worker] t.c.s.AnnotationConfigContextLoaderUtils : Could not detect default configuration classes for test class [com.binchoi.springboot.web.IndexControllerTest]: IndexControllerTest does not declare any static, non-private, non-final, nested classes annotated with @Configuration.
2022-03-27 00:28:30.307  INFO 55767 --- [    Test worker] .b.t.c.SpringBootTestContextBootstrapper : Found @SpringBootConfiguration com.binchoi.springboot.Application for test class com.binchoi.springboot.web.IndexControllerTest
2022-03-27 00:28:30.314  INFO 55767 --- [    Test worker] .b.t.c.SpringBootTestContextBootstrapper : Loaded default TestExecutionListener class names from location [META-INF/spring.factories]: [org.springframework.security.test.context.support.WithSecurityContextTestExecutionListener, org.springframework.security.test.context.support.ReactorContextTestExecutionListener, org.springframework.boot.test.autoconfigure.restdocs.RestDocsTestExecutionListener, org.springframework.boot.test.autoconfigure.web.client.MockRestServiceServerResetTestExecutionListener, org.springframework.boot.test.autoconfigure.web.servlet.MockMvcPrintOnlyOnFailureTestExecutionListener, org.springframework.boot.test.autoconfigure.web.servlet.WebDriverTestExecutionListener, org.springframework.boot.test.mock.mockito.MockitoTestExecutionListener, org.springframework.boot.test.mock.mockito.ResetMocksTestExecutionListener, org.springframework.test.context.web.ServletTestExecutionListener, org.springframework.test.context.support.DirtiesContextBeforeModesTestExecutionListener, org.springframework.test.context.support.DependencyInjectionTestExecutionListener, org.springframework.test.context.support.DirtiesContextTestExecutionListener, org.springframework.test.context.transaction.TransactionalTestExecutionListener, org.springframework.test.context.jdbc.SqlScriptsTestExecutionListener]
2022-03-27 00:28:30.315  INFO 55767 --- [    Test worker] .b.t.c.SpringBootTestContextBootstrapper : Using TestExecutionListeners: [org.springframework.test.context.web.ServletTestExecutionListener@e6743e1, org.springframework.test.context.support.DirtiesContextBeforeModesTestExecutionListener@392446d1, org.springframework.boot.test.mock.mockito.MockitoTestExecutionListener@2f92e305, org.springframework.boot.test.autoconfigure.SpringBootDependencyInjectionTestExecutionListener@7f576a77, org.springframework.test.context.support.DirtiesContextTestExecutionListener@4b1b5637, org.springframework.test.context.transaction.TransactionalTestExecutionListener@5092834b, org.springframework.test.context.jdbc.SqlScriptsTestExecutionListener@68a0d897, org.springframework.security.test.context.support.WithSecurityContextTestExecutionListener@2c600326, org.springframework.security.test.context.support.ReactorContextTestExecutionListener@3d5b5273, org.springframework.boot.test.autoconfigure.restdocs.RestDocsTestExecutionListener@79970648, org.springframework.boot.test.autoconfigure.web.client.MockRestServiceServerResetTestExecutionListener@179d0d8d, org.springframework.boot.test.autoconfigure.web.servlet.MockMvcPrintOnlyOnFailureTestExecutionListener@3b48456b, org.springframework.boot.test.autoconfigure.web.servlet.WebDriverTestExecutionListener@5c6750bb, org.springframework.boot.test.mock.mockito.ResetMocksTestExecutionListener@1d03b839]
2022-03-27 00:28:30.415  INFO 55767 --- [o-auto-1-exec-1] o.a.c.c.C.[Tomcat].[localhost].[/]       : Initializing Spring DispatcherServlet 'dispatcherServlet'
2022-03-27 00:28:30.416  INFO 55767 --- [o-auto-1-exec-1] o.s.web.servlet.DispatcherServlet        : Initializing Servlet 'dispatcherServlet'
2022-03-27 00:28:30.418  INFO 55767 --- [o-auto-1-exec-1] o.s.web.servlet.DispatcherServlet        : Completed initialization in 2 ms
Hibernate: select posts0_.id as id1_0_, posts0_.created_date as created_2_0_, posts0_.modified_date as modified3_0_, posts0_.author as author4_0_, posts0_.comment as comment5_0_, posts0_.date as date6_0_, posts0_.is_completed as is_compl7_0_ from posts posts0_ where posts0_.author=? order by posts0_.date DESC
Hibernate: select posts0_.id as id1_0_, posts0_.created_date as created_2_0_, posts0_.modified_date as modified3_0_, posts0_.author as author4_0_, posts0_.comment as comment5_0_, posts0_.date as date6_0_, posts0_.is_completed as is_compl7_0_ from posts posts0_ where posts0_.author=? order by posts0_.date DESC
]]></system-out>
  <system-err><![CDATA[]]></system-err>
</testsuite>
