<?xml version="1.0" encoding="UTF-8"?>
<testsuite name="com.binchoi.springboot.web.dto.HelloResponseDtoTest" tests="1" skipped="0" failures="0" errors="0" timestamp="2022-03-26T22:28:15" hostname="Bins-Macbook-Pro.local" time="0.038">
  <properties/>
  <testcase name="lombokFunctionTest" classname="com.binchoi.springboot.web.dto.HelloResponseDtoTest" time="0.038"/>
  <system-out><![CDATA[]]></system-out>
  <system-err><![CDATA[]]></system-err>
</testsuite>
